Arguments: 
  /usr/local/Cellar/node/13.10.1/bin/node /usr/local/Cellar/yarn/1.22.1/libexec/bin/yarn.js add husky -D

PATH: 
  /usr/local/share/google-cloud-sdk/bin:/usr/local/bin:/usr/local/opt/llvm/bin:/usr/local/share/nvim/bin:/usr/local/opt/openssl/bin:/usr/local/baiduPCS:/usr/local/go/bin:/usr/local/opt/gettext/bin:/Users/jack/.yarn/bin:/Users/jack/.config/yarn/global/node_modules/.bin:/usr/local/sbin:/Users/jack/.nvm/versions/node/v10.18.0/bin:/Users/jack/bin:/usr/local/bin:/Library/Frameworks/Python.framework/Versions/3.6/bin:/usr/local/bin:/usr/bin:/bin:/usr/sbin:/sbin:/Library/Frameworks/Mono.framework/Versions/Current/Commands:/Applications/Wireshark.app/Contents/MacOS:/usr/local/share/google-cloud-sdk/bin:/usr/local/opt/llvm/bin:/usr/local/share/nvim/bin:/usr/local/opt/openssl/bin:/usr/local/baiduPCS:/usr/local/go/bin:/usr/local/opt/gettext/bin:/Users/jack/.yarn/bin:/Users/jack/.config/yarn/global/node_modules/.bin:/usr/local/sbin:/Users/jack/.nvm/versions/node/v10.18.0/bin:/Users/jack/bin:/Library/Frameworks/Python.framework/Versions/3.6/bin:/usr/local/opt/go/libexec/bin:/Users/jack/Go/bin:/usr/local/opt/go/libexec/bin:/Users/jack/Go/bin

Yarn version: 
  1.22.1

Node version: 
  13.10.1

Platform: 
  darwin x64

Trace: 
  SyntaxError: /Users/jack/Project/Jack/leetcode-unlock/package.json: Unexpected token : in JSON at position 240
      at JSON.parse (<anonymous>)
      at /usr/local/Cellar/yarn/1.22.1/libexec/lib/cli.js:1625:59
      at Generator.next (<anonymous>)
      at step (/usr/local/Cellar/yarn/1.22.1/libexec/lib/cli.js:310:30)
      at /usr/local/Cellar/yarn/1.22.1/libexec/lib/cli.js:321:13

npm manifest: 
  {
    "devDependencies": {
      "prettier": "^1.19.1",
      "husky": "^2.4.1",
      "lint-staged": "^8.2.1"
    },
    "husky": {
      "hooks": {
        "pre-commit": "lint-staged"
      }
    },
    "lint-staged": [
      "*.{js,jsx,ts,tsx,css,less,json,md}": [
        "prettier --write",
        "git add"
      ]
    ]
  }

yarn manifest: 
  No manifest

Lockfile: 
  # THIS IS AN AUTOGENERATED FILE. DO NOT EDIT THIS FILE DIRECTLY.
  # yarn lockfile v1
  
  
  prettier@^1.19.1:
    version "1.19.1"
    resolved "https://registry.yarnpkg.com/prettier/-/prettier-1.19.1.tgz#f7d7f5ff8a9cd872a7be4ca142095956a60797cb"
    integrity sha512-s7PoyDv/II1ObgQunCbB9PdLmUcBZcnWOcxDh7O0N/UwDEsHyqkW+Qh28jW+mVuCdx7gLB0BotYI1Y6uI9iyew==
